        -:    0:Source:main.c
        -:    0:Graph:main.gcno
        -:    0:Data:main.gcda
        -:    0:Runs:4
        -:    0:Programs:1
        -:    1:#include <stdio.h>
        -:    2:#include <math.h>
        -:    3:
        -:    4:int check_position(float x1, float y1, float x2, float y2, float xa, float ya);
        -:    5:void output(int data);
        -:    6:int throw_exception(void);
        -:    7:
        -:    8:int main()
        -:    9:{
        4:   10:    float x1, y1, x2, y2, xa, ya, code_err = 0;
        4:   11:    int rc = scanf("%f %f %f %f %f %f", &x1, &y1, &x2, &y2, &xa, &ya);
        7:   12:    if (rc != 6 || (x1 == x2 && y1 == y2))
        -:   13:    {
        1:   14:        code_err = throw_exception();
        1:   15:    }
        -:   16:    else
        -:   17:    {
        3:   18:        output(check_position(x1, y1, x2, y2, xa, ya));
        -:   19:    }
        4:   20:    return code_err;
        -:   21:}
        -:   22:
        -:   23:int throw_exception(void)
        -:   24:{
        2:   25:    printf("ERR");
        1:   26:    return 1;
        -:   27:}
        -:   28:
        -:   29:int check_position(float x1, float y1, float x2, float y2, float xa, float ya)
        -:   30:{   
        3:   31:    if ((ya - y1) * (x2 - x1) == (xa - x1) * (y2 - y1))
        1:   32:        return 1;
        -:   33:    else
        -:   34:    {
        2:   35:        if (((ya - y1) * (x2 - x1) - (xa - x1) * (y2 - y1)) > 0)
        1:   36:            return 0;
        -:   37:        else
        1:   38:            return 2;
        -:   39:    } 
        3:   40:}
        -:   41:
        -:   42:void output(int data)
        -:   43:{
        3:   44:    printf("%d\n", data);
        3:   45:}
