        -:    0:Source:main.c
        -:    0:Graph:main.gcno
        -:    0:Data:main.gcda
        -:    0:Runs:1
        -:    0:Programs:1
        -:    1:#include <stdio.h>
        -:    2:
        -:    3:float rparall(float r1, float r2, float r3);
        -:    4:void output(float data);
        -:    5:
        -:    6:int main()
        -:    7:{
        -:    8:	float r1, r2, r3;
        2:    9:	scanf("%f%f%f", &r1, &r2, &r3);
        1:   10:	output(rparall(r1, r2, r3));
        1:   11:}
        -:   12:
        -:   13:float rparall(float r1, float r2, float r3)
        -:   14:{
        1:   15:	return ((r1 * r2 * r3) / (r2 * r3 + r1 * r3 + r1 * r2));
        -:   16:}
        -:   17:
        -:   18:void output(float data)
        -:   19:{
        1:   20:	printf("%f\n", data);
        1:   21:}
